[ 2018-01-16T09:50:49+08:00 ] 127.0.0.1 /index.php
INFO: [ app_begin ] --START--
INFO: ReadHtmlCache Behavior ::run [ RunTime:0.110006s ]
INFO: [ app_begin ] --END-- [ RunTime:0.110006s ]
NOTIC: [8] Undefined index: HTTP_USER_AGENT F:\phpstudy\WWW\nhpl\Nhpl\Common\common.php 第 113 行.
NOTIC: [2048] Declaration of SettingModel::fetchAll() should be compatible with CommonModel::fetchAll($field = '*', $where = Array) F:\phpstudy\WWW\nhpl\Nhpl\Lib\Model\SettingModel.class.php 第 5 行.
NOTIC: [2048] Declaration of SettingModel::save() should be compatible with Model::save($data = '', $options = Array) F:\phpstudy\WWW\nhpl\Nhpl\Lib\Model\SettingModel.class.php 第 5 行.
SQL: SHOW COLUMNS FROM `hb_setting` [ RunTime:0.130007s ]
ERR: 1146:Table 'nhpl.hb_setting' doesn't exist
 [ SQL语句 ] : SHOW COLUMNS FROM `hb_setting`
SQL: SELECT * FROM `hb_setting`  [ RunTime:0.001000s ]
ERR: 1146:Table 'nhpl.hb_setting' doesn't exist
 [ SQL语句 ] : SELECT * FROM `hb_setting` 
NOTIC: [2] Invalid argument supplied for foreach() F:\phpstudy\WWW\nhpl\Nhpl\Lib\Model\SettingModel.class.php 第 16 行.
SQL: SHOW COLUMNS FROM `hb_city` [ RunTime:0.006000s ]
ERR: 1146:Table 'nhpl.hb_city' doesn't exist
 [ SQL语句 ] : SHOW COLUMNS FROM `hb_city`
SQL: SELECT * FROM `hb_city` ORDER BY `orderby` asc  [ RunTime:0.001000s ]
ERR: 1146:Table 'nhpl.hb_city' doesn't exist
 [ SQL语句 ] : SELECT * FROM `hb_city` ORDER BY `orderby` asc 
NOTIC: [2] Invalid argument supplied for foreach() F:\phpstudy\WWW\nhpl\Nhpl\Lib\Model\CommonModel.class.php 第 44 行.
NOTIC: [8] Undefined index:  F:\phpstudy\WWW\nhpl\Nhpl\Lib\Action\Pchome\CommonAction.class.php 第 41 行.
NOTIC: [8] Undefined variable: str F:\phpstudy\WWW\nhpl\Core\Extend\Library\ORG\Crypt\Base64.class.php 第 69 行.
SQL: SHOW COLUMNS FROM `hb_shop_cate` [ RunTime:0.006001s ]
ERR: 1146:Table 'nhpl.hb_shop_cate' doesn't exist
 [ SQL语句 ] : SHOW COLUMNS FROM `hb_shop_cate`
SQL: SELECT * FROM `hb_shop_cate` ORDER BY `orderby` asc  [ RunTime:0.000000s ]
ERR: 1146:Table 'nhpl.hb_shop_cate' doesn't exist
 [ SQL语句 ] : SELECT * FROM `hb_shop_cate` ORDER BY `orderby` asc 
NOTIC: [2] Invalid argument supplied for foreach() F:\phpstudy\WWW\nhpl\Nhpl\Lib\Model\CommonModel.class.php 第 44 行.
SQL: SHOW COLUMNS FROM `hb_tuan_cate` [ RunTime:0.005000s ]
ERR: 1146:Table 'nhpl.hb_tuan_cate' doesn't exist
 [ SQL语句 ] : SHOW COLUMNS FROM `hb_tuan_cate`
SQL: SELECT * FROM `hb_tuan_cate` ORDER BY `orderby` asc  [ RunTime:0.001000s ]
ERR: 1146:Table 'nhpl.hb_tuan_cate' doesn't exist
 [ SQL语句 ] : SELECT * FROM `hb_tuan_cate` ORDER BY `orderby` asc 
NOTIC: [2] Invalid argument supplied for foreach() F:\phpstudy\WWW\nhpl\Nhpl\Lib\Model\CommonModel.class.php 第 44 行.
SQL: SHOW COLUMNS FROM `hb_area` [ RunTime:0.006000s ]
ERR: 1146:Table 'nhpl.hb_area' doesn't exist
 [ SQL语句 ] : SHOW COLUMNS FROM `hb_area`
SQL: SELECT * FROM `hb_area` ORDER BY `orderby` asc  [ RunTime:0.001000s ]
ERR: 1146:Table 'nhpl.hb_area' doesn't exist
 [ SQL语句 ] : SELECT * FROM `hb_area` ORDER BY `orderby` asc 
NOTIC: [2] Invalid argument supplied for foreach() F:\phpstudy\WWW\nhpl\Nhpl\Lib\Model\CommonModel.class.php 第 44 行.
SQL: SHOW COLUMNS FROM `hb_business` [ RunTime:0.009001s ]
ERR: 1146:Table 'nhpl.hb_business' doesn't exist
 [ SQL语句 ] : SHOW COLUMNS FROM `hb_business`
SQL: SELECT * FROM `hb_business` ORDER BY `orderby` asc  [ RunTime:0.001000s ]
ERR: 1146:Table 'nhpl.hb_business' doesn't exist
 [ SQL语句 ] : SELECT * FROM `hb_business` ORDER BY `orderby` asc 
NOTIC: [2] Invalid argument supplied for foreach() F:\phpstudy\WWW\nhpl\Nhpl\Lib\Model\CommonModel.class.php 第 44 行.
NOTIC: [2048] Declaration of TemplateModel::fetchAll() should be compatible with CommonModel::fetchAll($field = '*', $where = Array) F:\phpstudy\WWW\nhpl\Nhpl\Lib\Model\TemplateModel.class.php 第 31 行.
SQL: SHOW COLUMNS FROM `hb_template` [ RunTime:0.005000s ]
ERR: 1146:Table 'nhpl.hb_template' doesn't exist
 [ SQL语句 ] : SHOW COLUMNS FROM `hb_template`
SQL: SELECT * FROM `hb_template`  [ RunTime:0.000000s ]
ERR: 1146:Table 'nhpl.hb_template' doesn't exist
 [ SQL语句 ] : SELECT * FROM `hb_template` 
NOTIC: [2] Invalid argument supplied for foreach() F:\phpstudy\WWW\nhpl\Nhpl\Lib\Model\TemplateModel.class.php 第 15 行.
SQL: SELECT * FROM `hb_template`  [ RunTime:0.002000s ]
ERR: 1146:Table 'nhpl.hb_template' doesn't exist
 [ SQL语句 ] : SELECT * FROM `hb_template` 
NOTIC: [2] Invalid argument supplied for foreach() F:\phpstudy\WWW\nhpl\Nhpl\Lib\Model\TemplateModel.class.php 第 15 行.
NOTIC: [8] Undefined variable: theme F:\phpstudy\WWW\nhpl\Nhpl\Lib\Action\Pchome\CommonAction.class.php 第 209 行.
SQL: SHOW COLUMNS FROM `hb_template_setting` [ RunTime:0.007000s ]
ERR: 1146:Table 'nhpl.hb_template_setting' doesn't exist
 [ SQL语句 ] : SHOW COLUMNS FROM `hb_template_setting`
SQL: SELECT * FROM `hb_template_setting`  [ RunTime:0.001000s ]
ERR: 1146:Table 'nhpl.hb_template_setting' doesn't exist
 [ SQL语句 ] : SELECT * FROM `hb_template_setting` 
NOTIC: [2] Invalid argument supplied for foreach() F:\phpstudy\WWW\nhpl\Nhpl\Lib\Model\CommonModel.class.php 第 44 行.
NOTIC: [8] Undefined offset: 0 F:\phpstudy\WWW\nhpl\Nhpl\Lib\Model\TemplatesettingModel.class.php 第 12 行.
NOTIC: 建议使用I方法替代_get
NOTIC: [2] array_sum() expects parameter 1 to be array, null given F:\phpstudy\WWW\nhpl\Nhpl\Lib\Action\Pchome\CommonAction.class.php 第 107 行.
SQL: SHOW COLUMNS FROM `hb_navigation` [ RunTime:0.008000s ]
ERR: 1146:Table 'nhpl.hb_navigation' doesn't exist
 [ SQL语句 ] : SHOW COLUMNS FROM `hb_navigation`
SQL: SELECT * FROM `hb_navigation` WHERE ( `status` = 4 ) AND ( `closed` = 0 ) ORDER BY `orderby` asc  [ RunTime:0.000000s ]
ERR: 1146:Table 'nhpl.hb_navigation' doesn't exist
 [ SQL语句 ] : SELECT * FROM `hb_navigation` WHERE ( `status` = 4 ) AND ( `closed` = 0 ) ORDER BY `orderby` asc 
NOTIC: [2048] Declaration of SeoModel::fetchAll() should be compatible with CommonModel::fetchAll($field = '*', $where = Array) F:\phpstudy\WWW\nhpl\Nhpl\Lib\Model\SeoModel.class.php 第 26 行.
SQL: SHOW COLUMNS FROM `hb_seo` [ RunTime:0.006000s ]
ERR: 1146:Table 'nhpl.hb_seo' doesn't exist
 [ SQL语句 ] : SHOW COLUMNS FROM `hb_seo`
SQL: SELECT * FROM `hb_seo`  [ RunTime:0.001000s ]
ERR: 1146:Table 'nhpl.hb_seo' doesn't exist
 [ SQL语句 ] : SELECT * FROM `hb_seo` 
NOTIC: [2] Invalid argument supplied for foreach() F:\phpstudy\WWW\nhpl\Nhpl\Lib\Model\SeoModel.class.php 第 17 行.
NOTIC: [8] Constant THEME_NAME already defined F:\phpstudy\WWW\nhpl\Nhpl\Lib\Action\Pchome\CommonAction.class.php 第 189 行.
SQL: SELECT * FROM `hb_template`  [ RunTime:0.001000s ]
ERR: 1146:Table 'nhpl.hb_template' doesn't exist
 [ SQL语句 ] : SELECT * FROM `hb_template` 
NOTIC: [2] Invalid argument supplied for foreach() F:\phpstudy\WWW\nhpl\Nhpl\Lib\Model\TemplateModel.class.php 第 15 行.
SQL: SELECT * FROM `hb_template`  [ RunTime:0.001000s ]
ERR: 1146:Table 'nhpl.hb_template' doesn't exist
 [ SQL语句 ] : SELECT * FROM `hb_template` 
NOTIC: [2] Invalid argument supplied for foreach() F:\phpstudy\WWW\nhpl\Nhpl\Lib\Model\TemplateModel.class.php 第 15 行.
NOTIC: [8] Undefined variable: theme F:\phpstudy\WWW\nhpl\Nhpl\Lib\Action\Pchome\CommonAction.class.php 第 209 行.
NOTIC: [8] Constant THEME_PATH already defined F:\phpstudy\WWW\nhpl\Core\Lib\Core\View.class.php 第 154 行.
NOTIC: [8] Constant APP_TMPL_PATH already defined F:\phpstudy\WWW\nhpl\Core\Lib\Core\View.class.php 第 155 行.
INFO: [ view_parse ] --START--
NOTIC: [2] Missing argument 2 for TagLib::parseXmlAttr(), called in F:\phpstudy\WWW\nhpl\Nhpl\Lib\TagLib\TagLibCalldata.class.php on line 49 and defined F:\phpstudy\WWW\nhpl\Core\Lib\Template\TagLib.class.php 第 80 行.
NOTIC: [8] Undefined variable: tag F:\phpstudy\WWW\nhpl\Core\Lib\Template\TagLib.class.php 第 91 行.
NOTIC: [8] Undefined index:  F:\phpstudy\WWW\nhpl\Core\Lib\Template\TagLib.class.php 第 91 行.
NOTIC: [8] Undefined variable: tag F:\phpstudy\WWW\nhpl\Core\Lib\Template\TagLib.class.php 第 92 行.
NOTIC: [8] Undefined index: format F:\phpstudy\WWW\nhpl\Nhpl\Lib\TagLib\TagLibCalldata.class.php 第 57 行.
NOTIC: [8] Undefined index: debug F:\phpstudy\WWW\nhpl\Nhpl\Lib\TagLib\TagLibCalldata.class.php 第 58 行.
NOTIC: [2] Missing argument 2 for TagLib::parseXmlAttr(), called in F:\phpstudy\WWW\nhpl\Nhpl\Lib\TagLib\TagLibCalldata.class.php on line 49 and defined F:\phpstudy\WWW\nhpl\Core\Lib\Template\TagLib.class.php 第 80 行.
NOTIC: [8] Undefined variable: tag F:\phpstudy\WWW\nhpl\Core\Lib\Template\TagLib.class.php 第 91 行.
NOTIC: [8] Undefined index:  F:\phpstudy\WWW\nhpl\Core\Lib\Template\TagLib.class.php 第 91 行.
NOTIC: [8] Undefined variable: tag F:\phpstudy\WWW\nhpl\Core\Lib\Template\TagLib.class.php 第 92 行.
NOTIC: [8] Undefined index: format F:\phpstudy\WWW\nhpl\Nhpl\Lib\TagLib\TagLibCalldata.class.php 第 57 行.
NOTIC: [8] Undefined index: debug F:\phpstudy\WWW\nhpl\Nhpl\Lib\TagLib\TagLibCalldata.class.php 第 58 行.
NOTIC: [2] Missing argument 2 for TagLib::parseXmlAttr(), called in F:\phpstudy\WWW\nhpl\Nhpl\Lib\TagLib\TagLibCalldata.class.php on line 49 and defined F:\phpstudy\WWW\nhpl\Core\Lib\Template\TagLib.class.php 第 80 行.
NOTIC: [8] Undefined variable: tag F:\phpstudy\WWW\nhpl\Core\Lib\Template\TagLib.class.php 第 91 行.
NOTIC: [8] Undefined index:  F:\phpstudy\WWW\nhpl\Core\Lib\Template\TagLib.class.php 第 91 行.
NOTIC: [8] Undefined variable: tag F:\phpstudy\WWW\nhpl\Core\Lib\Template\TagLib.class.php 第 92 行.
NOTIC: [8] Undefined index: format F:\phpstudy\WWW\nhpl\Nhpl\Lib\TagLib\TagLibCalldata.class.php 第 57 行.
NOTIC: [8] Undefined index: debug F:\phpstudy\WWW\nhpl\Nhpl\Lib\TagLib\TagLibCalldata.class.php 第 58 行.
NOTIC: [8] Undefined variable: config F:\phpstudy\WWW\nhpl\Nhpl\Runtime\Cache\Pchome\cff83abaa8a0d07475c6dee202a3a078.php 第 7 行.
NOTIC: [2] array_reverse() expects parameter 1 to be array, boolean given F:\phpstudy\WWW\nhpl\Nhpl\Runtime\Cache\Pchome\cff83abaa8a0d07475c6dee202a3a078.php 第 99 行.
SQL: SHOW COLUMNS FROM `hb_ad` [ RunTime:0.006000s ]
ERR: 1146:Table 'nhpl.hb_ad' doesn't exist
 [ SQL语句 ] : SHOW COLUMNS FROM `hb_ad`
SQL: SELECT * FROM `hb_ad` WHERE (  closed=0 AND site_id=66 AND  city_id IN (0,) and bg_date <= '2018-01-16' AND end_date >= '2018-01-16'  ) ORDER BY orderby asc LIMIT 0,1   [ RunTime:0.000000s ]
ERR: 1064:You have an error in your SQL syntax; check the manual that corresponds to your MySQL server version for the right syntax to use near ') and bg_date <= '2018-01-16' AND end_date >= '2018-01-16'  ) ORDER BY orderby a' at line 1
 [ SQL语句 ] : SELECT * FROM `hb_ad` WHERE (  closed=0 AND site_id=66 AND  city_id IN (0,) and bg_date <= '2018-01-16' AND end_date >= '2018-01-16'  ) ORDER BY orderby asc LIMIT 0,1  
NOTIC: [2] Invalid argument supplied for foreach() F:\phpstudy\WWW\nhpl\Nhpl\Runtime\Cache\Pchome\cff83abaa8a0d07475c6dee202a3a078.php 第 183 行.
NOTIC: [8] Use of undefined constant ding - assumed 'ding' F:\phpstudy\WWW\nhpl\Nhpl\Runtime\Cache\Pchome\cff83abaa8a0d07475c6dee202a3a078.php 第 244 行.
NOTIC: [8] Undefined variable: keyword F:\phpstudy\WWW\nhpl\Nhpl\Runtime\Cache\Pchome\cff83abaa8a0d07475c6dee202a3a078.php 第 244 行.
SQL: SHOW COLUMNS FROM `hb_keyword` [ RunTime:0.007001s ]
ERR: 1146:Table 'nhpl.hb_keyword' doesn't exist
 [ SQL语句 ] : SHOW COLUMNS FROM `hb_keyword`
SQL: SELECT * FROM `hb_keyword` ORDER BY key_id desc LIMIT 0,8   [ RunTime:0.001000s ]
ERR: 1146:Table 'nhpl.hb_keyword' doesn't exist
 [ SQL语句 ] : SELECT * FROM `hb_keyword` ORDER BY key_id desc LIMIT 0,8  
NOTIC: [2] Invalid argument supplied for foreach() F:\phpstudy\WWW\nhpl\Nhpl\Runtime\Cache\Pchome\cff83abaa8a0d07475c6dee202a3a078.php 第 258 行.
NOTIC: [8] Use of undefined constant index - assumed 'index' F:\phpstudy\WWW\nhpl\Nhpl\Runtime\Cache\Pchome\cff83abaa8a0d07475c6dee202a3a078.php 第 323 行.
SQL: SHOW COLUMNS FROM `hb_links` [ RunTime:0.007000s ]
ERR: 1146:Table 'nhpl.hb_links' doesn't exist
 [ SQL语句 ] : SHOW COLUMNS FROM `hb_links`
SQL: SELECT * FROM `hb_links` WHERE ( audit=1 AND colsed=0 AND city_id= ) ORDER BY orderby asc LIMIT 0,10   [ RunTime:0.000000s ]
ERR: 1064:You have an error in your SQL syntax; check the manual that corresponds to your MySQL server version for the right syntax to use near ') ORDER BY orderby asc LIMIT 0,10' at line 1
 [ SQL语句 ] : SELECT * FROM `hb_links` WHERE ( audit=1 AND colsed=0 AND city_id= ) ORDER BY orderby asc LIMIT 0,10  
NOTIC: [2] Invalid argument supplied for foreach() F:\phpstudy\WWW\nhpl\Nhpl\Runtime\Cache\Pchome\cff83abaa8a0d07475c6dee202a3a078.php 第 325 行.
NOTIC: [8] Undefined variable: height_num F:\phpstudy\WWW\nhpl\Nhpl\Runtime\Cache\Pchome\cff83abaa8a0d07475c6dee202a3a078.php 第 412 行.
INFO: ParseTemplate Behavior ::run [ RunTime:0.244014s ]
INFO: [ view_parse ] --END-- [ RunTime:0.244014s ]
INFO: [ view_filter ] --START--
INFO: ContentReplace Behavior ::run [ RunTime:0.016001s ]
INFO: TokenBuild Behavior ::run [ RunTime:0.002000s ]
INFO: WriteHtmlCache Behavior ::run [ RunTime:0.001000s ]
INFO: ShowRuntime Behavior ::run [ RunTime:0.002000s ]
INFO: [ view_filter ] --END-- [ RunTime:0.021001s ]
INFO: [ view_end ] --START--
INFO: ShowPageTrace Behavior ::run [ RunTime:0.001000s ]
INFO: [ view_end ] --END-- [ RunTime:0.001000s ]

